18-02-2014 09:40:03,274 CST ERROR [main] [com.momoplan.pet.commons.cache.pool.RedisPool@79] cache 初始化成功
18-02-2014 09:40:03,327 CST ERROR [main] [com.momoplan.pet.commons.cache.pool.StorePool@57] cache 初始化成功
18-02-2014 09:40:03,614 CST INFO  [main] [com.momoplan.pet.commons.spring.DispatcherServlet@444] FrameworkServlet 'dispatcher': initialization started
18-02-2014 09:40:05,175 CST INFO  [main] [com.momoplan.pet.commons.spring.DispatcherServlet@463] FrameworkServlet 'dispatcher': initialization completed in 1560 ms
18-02-2014 09:40:54,580 CST INFO  [qtp1967745410-42] [com.momoplan.pet.framework.manager.controller.ShareController@36] pet_bbs_id=1
18-02-2014 09:41:28,935 CST INFO  [qtp1967745410-42] [com.momoplan.pet.framework.manager.controller.ShareController@36] pet_bbs_id=100
18-02-2014 09:41:33,817 CST INFO  [qtp1967745410-40] [com.momoplan.pet.framework.manager.controller.ShareController@36] pet_bbs_id=aaa
18-02-2014 09:42:40,240 CST ERROR [main] [com.momoplan.pet.commons.cache.pool.RedisPool@79] cache 初始化成功
18-02-2014 09:42:40,290 CST ERROR [main] [com.momoplan.pet.commons.cache.pool.StorePool@57] cache 初始化成功
18-02-2014 09:42:40,528 CST INFO  [main] [com.momoplan.pet.commons.spring.DispatcherServlet@444] FrameworkServlet 'dispatcher': initialization started
18-02-2014 09:42:41,782 CST INFO  [main] [com.momoplan.pet.commons.spring.DispatcherServlet@463] FrameworkServlet 'dispatcher': initialization completed in 1254 ms
18-02-2014 10:00:41,602 CST INFO  [qtp1847411024-40] [com.momoplan.pet.framework.manager.controller.ShareController@36] pet_bbs_id=aaa
18-02-2014 10:01:48,602 CST ERROR [main] [com.momoplan.pet.commons.cache.pool.RedisPool@79] cache 初始化成功
18-02-2014 10:01:48,642 CST ERROR [main] [com.momoplan.pet.commons.cache.pool.StorePool@57] cache 初始化成功
18-02-2014 10:01:48,837 CST INFO  [main] [com.momoplan.pet.commons.spring.DispatcherServlet@444] FrameworkServlet 'dispatcher': initialization started
18-02-2014 10:01:50,046 CST INFO  [main] [com.momoplan.pet.commons.spring.DispatcherServlet@463] FrameworkServlet 'dispatcher': initialization completed in 1209 ms
18-02-2014 10:02:38,916 CST INFO  [qtp648942070-39] [com.momoplan.pet.framework.manager.controller.ShareController@36] pet_bbs_id=aaa
18-02-2014 10:04:52,224 CST INFO  [qtp648942070-46] [com.momoplan.pet.framework.manager.controller.ShareController@36] pet_bbs_id=aaa
18-02-2014 10:04:52,563 CST INFO  [qtp648942070-44] [com.momoplan.pet.framework.manager.controller.ShareController@36] pet_bbs_id=aaa
18-02-2014 10:04:53,277 CST INFO  [qtp648942070-45] [com.momoplan.pet.framework.manager.controller.ShareController@36] pet_bbs_id=aaa
18-02-2014 10:04:53,397 CST INFO  [qtp648942070-44] [com.momoplan.pet.framework.manager.controller.ShareController@36] pet_bbs_id=aaa
18-02-2014 10:05:03,136 CST INFO  [qtp648942070-39] [com.momoplan.pet.framework.manager.controller.ShareController@36] pet_bbs_id=aaa
18-02-2014 10:05:03,835 CST INFO  [qtp648942070-39] [com.momoplan.pet.framework.manager.controller.ShareController@36] pet_bbs_id=aaa
18-02-2014 10:05:08,198 CST INFO  [qtp648942070-41] [com.momoplan.pet.framework.manager.controller.ShareController@36] pet_bbs_id=aaa
18-02-2014 10:05:28,039 CST INFO  [qtp648942070-46] [com.momoplan.pet.framework.manager.controller.ShareController@36] pet_bbs_id=aaa
18-02-2014 10:08:30,976 CST INFO  [qtp648942070-43] [com.momoplan.pet.framework.manager.controller.ShareController@36] pet_bbs_id=aaa
18-02-2014 10:08:56,554 CST INFO  [qtp648942070-43] [com.momoplan.pet.framework.manager.controller.ShareController@36] pet_bbs_id=aaa
18-02-2014 10:10:21,630 CST INFO  [qtp648942070-44] [com.momoplan.pet.framework.manager.controller.ShareController@36] pet_bbs_id=aaa
18-02-2014 10:10:22,702 CST INFO  [qtp648942070-44] [com.momoplan.pet.framework.manager.controller.ShareController@36] pet_bbs_id=aaa
18-02-2014 10:11:17,988 CST INFO  [qtp648942070-43] [com.momoplan.pet.framework.manager.controller.ShareController@36] pet_bbs_id=aaa
18-02-2014 10:11:42,475 CST INFO  [qtp648942070-46] [com.momoplan.pet.framework.manager.controller.ShareController@36] pet_bbs_id=aaa
18-02-2014 10:11:43,572 CST INFO  [qtp648942070-43] [com.momoplan.pet.framework.manager.controller.ShareController@36] pet_bbs_id=aaa
18-02-2014 10:18:28,775 CST INFO  [qtp648942070-43] [com.momoplan.pet.framework.manager.controller.ShareController@36] pet_bbs_id=aaa
18-02-2014 10:18:29,328 CST INFO  [qtp648942070-39] [com.momoplan.pet.framework.manager.controller.ShareController@36] pet_bbs_id=aaa
18-02-2014 10:19:20,426 CST INFO  [qtp648942070-39] [com.momoplan.pet.framework.manager.controller.ShareController@36] pet_bbs_id=aaa
18-02-2014 10:19:21,018 CST INFO  [qtp648942070-43] [com.momoplan.pet.framework.manager.controller.ShareController@36] pet_bbs_id=aaa
18-02-2014 10:19:21,486 CST INFO  [qtp648942070-39] [com.momoplan.pet.framework.manager.controller.ShareController@36] pet_bbs_id=aaa
18-02-2014 10:22:55,591 CST INFO  [qtp648942070-46] [com.momoplan.pet.framework.manager.controller.ShareController@36] pet_bbs_id=aaa
18-02-2014 10:22:56,810 CST INFO  [qtp648942070-39] [com.momoplan.pet.framework.manager.controller.ShareController@36] pet_bbs_id=aaa
18-02-2014 10:23:44,759 CST INFO  [qtp648942070-44] [com.momoplan.pet.framework.manager.controller.ShareController@36] pet_bbs_id=aaa
18-02-2014 10:23:56,026 CST INFO  [qtp648942070-46] [com.momoplan.pet.framework.manager.controller.ShareController@36] pet_bbs_id=aaa
18-02-2014 10:23:56,749 CST INFO  [qtp648942070-46] [com.momoplan.pet.framework.manager.controller.ShareController@36] pet_bbs_id=aaa
18-02-2014 10:25:58,788 CST INFO  [qtp648942070-45] [com.momoplan.pet.framework.manager.controller.ShareController@36] pet_bbs_id=aaa
18-02-2014 10:25:59,272 CST INFO  [qtp648942070-43] [com.momoplan.pet.framework.manager.controller.ShareController@36] pet_bbs_id=aaa
18-02-2014 10:25:59,797 CST INFO  [qtp648942070-43] [com.momoplan.pet.framework.manager.controller.ShareController@36] pet_bbs_id=aaa
18-02-2014 10:26:29,050 CST INFO  [qtp648942070-44] [com.momoplan.pet.framework.manager.controller.ShareController@36] pet_bbs_id=aaa
18-02-2014 10:26:58,592 CST INFO  [qtp648942070-43] [com.momoplan.pet.framework.manager.controller.ShareController@36] pet_bbs_id=aaa
18-02-2014 10:27:21,764 CST INFO  [qtp648942070-39] [com.momoplan.pet.framework.manager.controller.ShareController@36] pet_bbs_id=aaa
18-02-2014 10:27:22,531 CST INFO  [qtp648942070-41] [com.momoplan.pet.framework.manager.controller.ShareController@36] pet_bbs_id=aaa
18-02-2014 10:27:22,854 CST INFO  [qtp648942070-41] [com.momoplan.pet.framework.manager.controller.ShareController@36] pet_bbs_id=aaa
18-02-2014 11:25:04,571 CST INFO  [qtp648942070-41] [com.momoplan.pet.framework.manager.controller.ShareController@36] pet_bbs_id=aaa
18-02-2014 11:26:17,279 CST INFO  [qtp648942070-41] [com.momoplan.pet.framework.manager.controller.ShareController@36] pet_bbs_id=aaa
18-02-2014 11:27:11,134 CST INFO  [qtp648942070-41] [com.momoplan.pet.framework.manager.controller.ShareController@36] pet_bbs_id=aaa
18-02-2014 11:27:20,355 CST INFO  [qtp648942070-41] [com.momoplan.pet.framework.manager.controller.ShareController@36] pet_bbs_id=aaa
18-02-2014 11:27:21,436 CST INFO  [qtp648942070-43] [com.momoplan.pet.framework.manager.controller.ShareController@36] pet_bbs_id=aaa
18-02-2014 11:27:38,298 CST INFO  [qtp648942070-45] [com.momoplan.pet.framework.manager.controller.ShareController@36] pet_bbs_id=aaa
18-02-2014 11:28:26,138 CST INFO  [qtp648942070-39] [com.momoplan.pet.framework.manager.controller.ShareController@36] pet_bbs_id=aaa
18-02-2014 11:29:23,322 CST INFO  [qtp648942070-46] [com.momoplan.pet.framework.manager.controller.ShareController@36] pet_bbs_id=aaa
18-02-2014 11:29:24,551 CST INFO  [qtp648942070-44] [com.momoplan.pet.framework.manager.controller.ShareController@36] pet_bbs_id=aaa
18-02-2014 11:29:54,777 CST INFO  [qtp648942070-45] [com.momoplan.pet.framework.manager.controller.ShareController@36] pet_bbs_id=aaa
18-02-2014 11:30:32,698 CST INFO  [qtp648942070-39] [com.momoplan.pet.framework.manager.controller.ShareController@36] pet_bbs_id=aaa
18-02-2014 11:30:37,200 CST INFO  [qtp648942070-39] [com.momoplan.pet.framework.manager.controller.ShareController@36] pet_bbs_id=aaa
18-02-2014 11:30:49,526 CST INFO  [qtp648942070-44] [com.momoplan.pet.framework.manager.controller.ShareController@36] pet_bbs_id=aaa
18-02-2014 11:30:54,960 CST INFO  [qtp648942070-45] [com.momoplan.pet.framework.manager.controller.ShareController@36] pet_bbs_id=aaa
18-02-2014 11:31:32,402 CST INFO  [qtp648942070-46] [com.momoplan.pet.framework.manager.controller.ShareController@36] pet_bbs_id=aaa
18-02-2014 11:31:33,280 CST INFO  [qtp648942070-43] [com.momoplan.pet.framework.manager.controller.ShareController@36] pet_bbs_id=aaa
18-02-2014 11:31:38,905 CST INFO  [qtp648942070-45] [com.momoplan.pet.framework.manager.controller.ShareController@36] pet_bbs_id=aaa
18-02-2014 11:32:26,071 CST INFO  [qtp648942070-39] [com.momoplan.pet.framework.manager.controller.ShareController@36] pet_bbs_id=aaa
18-02-2014 11:32:42,584 CST INFO  [qtp648942070-46] [com.momoplan.pet.framework.manager.controller.ShareController@36] pet_bbs_id=aaa
18-02-2014 11:32:43,090 CST INFO  [qtp648942070-46] [com.momoplan.pet.framework.manager.controller.ShareController@36] pet_bbs_id=aaa
18-02-2014 11:32:43,336 CST INFO  [qtp648942070-46] [com.momoplan.pet.framework.manager.controller.ShareController@36] pet_bbs_id=aaa
18-02-2014 11:32:43,549 CST INFO  [qtp648942070-46] [com.momoplan.pet.framework.manager.controller.ShareController@36] pet_bbs_id=aaa
18-02-2014 11:33:43,772 CST INFO  [qtp648942070-39] [com.momoplan.pet.framework.manager.controller.ShareController@36] pet_bbs_id=aaa
18-02-2014 11:34:01,609 CST INFO  [qtp648942070-41] [com.momoplan.pet.framework.manager.controller.ShareController@36] pet_bbs_id=aaa
18-02-2014 11:34:29,420 CST INFO  [qtp648942070-46] [com.momoplan.pet.framework.manager.controller.ShareController@36] pet_bbs_id=aaa
18-02-2014 11:34:30,506 CST INFO  [qtp648942070-43] [com.momoplan.pet.framework.manager.controller.ShareController@36] pet_bbs_id=aaa
18-02-2014 11:35:09,280 CST INFO  [qtp648942070-44] [com.momoplan.pet.framework.manager.controller.ShareController@36] pet_bbs_id=aaa
18-02-2014 11:35:48,290 CST INFO  [qtp648942070-43] [com.momoplan.pet.framework.manager.controller.ShareController@36] pet_bbs_id=aaa
18-02-2014 11:36:05,830 CST INFO  [qtp648942070-46] [com.momoplan.pet.framework.manager.controller.ShareController@36] pet_bbs_id=aaa
18-02-2014 11:36:06,728 CST INFO  [qtp648942070-45] [com.momoplan.pet.framework.manager.controller.ShareController@36] pet_bbs_id=aaa
18-02-2014 11:36:08,596 CST INFO  [qtp648942070-39] [com.momoplan.pet.framework.manager.controller.ShareController@36] pet_bbs_id=aaa
18-02-2014 11:36:09,211 CST INFO  [qtp648942070-44] [com.momoplan.pet.framework.manager.controller.ShareController@36] pet_bbs_id=aaa
18-02-2014 11:36:09,525 CST INFO  [qtp648942070-44] [com.momoplan.pet.framework.manager.controller.ShareController@36] pet_bbs_id=aaa
18-02-2014 11:36:09,767 CST INFO  [qtp648942070-44] [com.momoplan.pet.framework.manager.controller.ShareController@36] pet_bbs_id=aaa
18-02-2014 11:36:46,714 CST INFO  [qtp648942070-44] [com.momoplan.pet.framework.manager.controller.ShareController@36] pet_bbs_id=aaa
18-02-2014 11:36:47,350 CST INFO  [qtp648942070-45] [com.momoplan.pet.framework.manager.controller.ShareController@36] pet_bbs_id=aaa
18-02-2014 11:36:47,934 CST INFO  [qtp648942070-39] [com.momoplan.pet.framework.manager.controller.ShareController@36] pet_bbs_id=aaa
18-02-2014 11:37:12,404 CST INFO  [qtp648942070-41] [com.momoplan.pet.framework.manager.controller.ShareController@36] pet_bbs_id=aaa
18-02-2014 11:37:12,781 CST INFO  [qtp648942070-44] [com.momoplan.pet.framework.manager.controller.ShareController@36] pet_bbs_id=aaa
18-02-2014 11:37:13,064 CST INFO  [qtp648942070-44] [com.momoplan.pet.framework.manager.controller.ShareController@36] pet_bbs_id=aaa
18-02-2014 11:37:13,372 CST INFO  [qtp648942070-44] [com.momoplan.pet.framework.manager.controller.ShareController@36] pet_bbs_id=aaa
18-02-2014 11:38:01,740 CST INFO  [qtp648942070-45] [com.momoplan.pet.framework.manager.controller.ShareController@36] pet_bbs_id=aaa
18-02-2014 11:38:02,658 CST INFO  [qtp648942070-44] [com.momoplan.pet.framework.manager.controller.ShareController@36] pet_bbs_id=aaa
18-02-2014 11:38:02,986 CST INFO  [qtp648942070-46] [com.momoplan.pet.framework.manager.controller.ShareController@36] pet_bbs_id=aaa
18-02-2014 11:38:03,208 CST INFO  [qtp648942070-46] [com.momoplan.pet.framework.manager.controller.ShareController@36] pet_bbs_id=aaa
18-02-2014 11:38:36,872 CST INFO  [qtp648942070-41] [com.momoplan.pet.framework.manager.controller.ShareController@36] pet_bbs_id=aaa
18-02-2014 11:38:47,266 CST INFO  [qtp648942070-39] [com.momoplan.pet.framework.manager.controller.ShareController@36] pet_bbs_id=aaa
18-02-2014 11:38:56,350 CST INFO  [qtp648942070-39] [com.momoplan.pet.framework.manager.controller.ShareController@36] pet_bbs_id=aaa
18-02-2014 11:39:01,069 CST INFO  [qtp648942070-39] [com.momoplan.pet.framework.manager.controller.ShareController@36] pet_bbs_id=aaa
18-02-2014 11:39:26,936 CST INFO  [qtp648942070-41] [com.momoplan.pet.framework.manager.controller.ShareController@36] pet_bbs_id=aaa
18-02-2014 11:39:27,185 CST INFO  [qtp648942070-41] [com.momoplan.pet.framework.manager.controller.ShareController@36] pet_bbs_id=aaa
18-02-2014 11:39:27,400 CST INFO  [qtp648942070-41] [com.momoplan.pet.framework.manager.controller.ShareController@36] pet_bbs_id=aaa
18-02-2014 11:39:27,618 CST INFO  [qtp648942070-41] [com.momoplan.pet.framework.manager.controller.ShareController@36] pet_bbs_id=aaa
18-02-2014 11:40:33,091 CST INFO  [qtp648942070-45] [com.momoplan.pet.framework.manager.controller.ShareController@36] pet_bbs_id=aaa
18-02-2014 11:40:33,926 CST INFO  [qtp648942070-43] [com.momoplan.pet.framework.manager.controller.ShareController@36] pet_bbs_id=aaa
18-02-2014 11:43:20,532 CST INFO  [qtp648942070-44] [com.momoplan.pet.framework.manager.controller.ShareController@36] pet_bbs_id=aaa
18-02-2014 11:45:20,212 CST INFO  [qtp648942070-46] [com.momoplan.pet.framework.manager.controller.ShareController@36] pet_bbs_id=aaa
18-02-2014 11:45:21,158 CST INFO  [qtp648942070-39] [com.momoplan.pet.framework.manager.controller.ShareController@36] pet_bbs_id=aaa
18-02-2014 11:48:14,179 CST INFO  [qtp648942070-43] [com.momoplan.pet.framework.manager.controller.ShareController@36] pet_bbs_id=aaa
18-02-2014 11:48:15,034 CST INFO  [qtp648942070-41] [com.momoplan.pet.framework.manager.controller.ShareController@36] pet_bbs_id=aaa
18-02-2014 11:48:15,336 CST INFO  [qtp648942070-41] [com.momoplan.pet.framework.manager.controller.ShareController@36] pet_bbs_id=aaa
18-02-2014 11:48:15,550 CST INFO  [qtp648942070-41] [com.momoplan.pet.framework.manager.controller.ShareController@36] pet_bbs_id=aaa
18-02-2014 11:48:36,386 CST INFO  [qtp648942070-45] [com.momoplan.pet.framework.manager.controller.ShareController@36] pet_bbs_id=aaa
18-02-2014 11:48:49,597 CST INFO  [qtp648942070-39] [com.momoplan.pet.framework.manager.controller.ShareController@36] pet_bbs_id=aaa
18-02-2014 11:48:50,844 CST INFO  [qtp648942070-41] [com.momoplan.pet.framework.manager.controller.ShareController@36] pet_bbs_id=aaa
18-02-2014 11:49:12,112 CST INFO  [qtp648942070-43] [com.momoplan.pet.framework.manager.controller.ShareController@36] pet_bbs_id=aaa
18-02-2014 11:49:12,740 CST INFO  [qtp648942070-44] [com.momoplan.pet.framework.manager.controller.ShareController@36] pet_bbs_id=aaa
18-02-2014 11:49:33,562 CST INFO  [qtp648942070-45] [com.momoplan.pet.framework.manager.controller.ShareController@36] pet_bbs_id=aaa
18-02-2014 11:49:34,200 CST INFO  [qtp648942070-39] [com.momoplan.pet.framework.manager.controller.ShareController@36] pet_bbs_id=aaa
18-02-2014 11:49:34,441 CST INFO  [qtp648942070-39] [com.momoplan.pet.framework.manager.controller.ShareController@36] pet_bbs_id=aaa
18-02-2014 11:49:34,653 CST INFO  [qtp648942070-41] [com.momoplan.pet.framework.manager.controller.ShareController@36] pet_bbs_id=aaa
18-02-2014 11:49:51,328 CST INFO  [qtp648942070-45] [com.momoplan.pet.framework.manager.controller.ShareController@36] pet_bbs_id=aaa
18-02-2014 11:49:51,896 CST INFO  [qtp648942070-41] [com.momoplan.pet.framework.manager.controller.ShareController@36] pet_bbs_id=aaa
18-02-2014 11:49:52,134 CST INFO  [qtp648942070-41] [com.momoplan.pet.framework.manager.controller.ShareController@36] pet_bbs_id=aaa
18-02-2014 11:49:52,322 CST INFO  [qtp648942070-41] [com.momoplan.pet.framework.manager.controller.ShareController@36] pet_bbs_id=aaa
18-02-2014 11:50:00,913 CST INFO  [qtp648942070-46] [com.momoplan.pet.framework.manager.controller.ShareController@36] pet_bbs_id=aaa
18-02-2014 11:50:26,101 CST INFO  [qtp648942070-43] [com.momoplan.pet.framework.manager.controller.ShareController@36] pet_bbs_id=aaa
18-02-2014 11:50:38,093 CST INFO  [qtp648942070-46] [com.momoplan.pet.framework.manager.controller.ShareController@36] pet_bbs_id=aaa
18-02-2014 11:51:34,423 CST INFO  [qtp648942070-45] [com.momoplan.pet.framework.manager.controller.ShareController@36] pet_bbs_id=aaa
18-02-2014 11:52:11,752 CST INFO  [qtp648942070-45] [com.momoplan.pet.framework.manager.controller.ShareController@36] pet_bbs_id=aaa
18-02-2014 11:52:24,889 CST INFO  [qtp648942070-46] [com.momoplan.pet.framework.manager.controller.ShareController@36] pet_bbs_id=aaa
18-02-2014 11:52:49,668 CST INFO  [qtp648942070-45] [com.momoplan.pet.framework.manager.controller.ShareController@36] pet_bbs_id=aaa
18-02-2014 11:53:08,372 CST INFO  [qtp648942070-46] [com.momoplan.pet.framework.manager.controller.ShareController@36] pet_bbs_id=aaa
18-02-2014 11:53:09,088 CST INFO  [qtp648942070-43] [com.momoplan.pet.framework.manager.controller.ShareController@36] pet_bbs_id=aaa
18-02-2014 11:53:09,368 CST INFO  [qtp648942070-43] [com.momoplan.pet.framework.manager.controller.ShareController@36] pet_bbs_id=aaa
18-02-2014 11:53:09,602 CST INFO  [qtp648942070-43] [com.momoplan.pet.framework.manager.controller.ShareController@36] pet_bbs_id=aaa
18-02-2014 11:53:29,802 CST INFO  [qtp648942070-41] [com.momoplan.pet.framework.manager.controller.ShareController@36] pet_bbs_id=aaa
18-02-2014 11:54:15,235 CST INFO  [qtp648942070-39] [com.momoplan.pet.framework.manager.controller.ShareController@36] pet_bbs_id=aaa
18-02-2014 11:54:16,353 CST INFO  [qtp648942070-43] [com.momoplan.pet.framework.manager.controller.ShareController@36] pet_bbs_id=aaa
18-02-2014 11:54:16,936 CST INFO  [qtp648942070-45] [com.momoplan.pet.framework.manager.controller.ShareController@36] pet_bbs_id=aaa
18-02-2014 11:55:59,045 CST INFO  [qtp648942070-44] [com.momoplan.pet.framework.manager.controller.ShareController@36] pet_bbs_id=aaa
18-02-2014 11:56:00,021 CST INFO  [qtp648942070-39] [com.momoplan.pet.framework.manager.controller.ShareController@36] pet_bbs_id=aaa
18-02-2014 11:56:00,284 CST INFO  [qtp648942070-45] [com.momoplan.pet.framework.manager.controller.ShareController@36] pet_bbs_id=aaa
18-02-2014 11:56:32,031 CST INFO  [qtp648942070-41] [com.momoplan.pet.framework.manager.controller.ShareController@36] pet_bbs_id=aaa
18-02-2014 11:56:33,173 CST INFO  [qtp648942070-45] [com.momoplan.pet.framework.manager.controller.ShareController@36] pet_bbs_id=aaa
18-02-2014 11:57:28,653 CST INFO  [qtp648942070-45] [com.momoplan.pet.framework.manager.controller.ShareController@36] pet_bbs_id=aaa
18-02-2014 11:58:18,551 CST INFO  [qtp648942070-45] [com.momoplan.pet.framework.manager.controller.ShareController@36] pet_bbs_id=aaa
18-02-2014 11:58:33,600 CST INFO  [qtp648942070-39] [com.momoplan.pet.framework.manager.controller.ShareController@36] pet_bbs_id=aaa
18-02-2014 11:59:28,189 CST INFO  [qtp648942070-39] [com.momoplan.pet.framework.manager.controller.ShareController@36] pet_bbs_id=aaa
18-02-2014 11:59:31,167 CST INFO  [qtp648942070-39] [com.momoplan.pet.framework.manager.controller.ShareController@36] pet_bbs_id=aaa
18-02-2014 11:59:50,918 CST INFO  [qtp648942070-45] [com.momoplan.pet.framework.manager.controller.ShareController@36] pet_bbs_id=aaa
18-02-2014 12:00:11,052 CST INFO  [qtp648942070-39] [com.momoplan.pet.framework.manager.controller.ShareController@36] pet_bbs_id=aaa
18-02-2014 13:07:16,715 CST INFO  [qtp648942070-46] [com.momoplan.pet.framework.manager.controller.ShareController@36] pet_bbs_id=aaa
18-02-2014 13:07:18,076 CST INFO  [qtp648942070-41] [com.momoplan.pet.framework.manager.controller.ShareController@36] pet_bbs_id=aaa
18-02-2014 13:08:49,735 CST INFO  [qtp648942070-39] [com.momoplan.pet.framework.manager.controller.ShareController@36] pet_bbs_id=aaa
18-02-2014 13:11:04,135 CST INFO  [qtp648942070-41] [com.momoplan.pet.framework.manager.controller.ShareController@36] pet_bbs_id=aaa
18-02-2014 13:11:43,908 CST INFO  [qtp648942070-43] [com.momoplan.pet.framework.manager.controller.ShareController@36] pet_bbs_id=aaa
18-02-2014 13:11:57,194 CST INFO  [qtp648942070-39] [com.momoplan.pet.framework.manager.controller.ShareController@36] pet_bbs_id=aaa
18-02-2014 13:12:02,879 CST INFO  [qtp648942070-44] [com.momoplan.pet.framework.manager.controller.ShareController@36] pet_bbs_id=aaa
18-02-2014 13:12:03,743 CST INFO  [qtp648942070-43] [com.momoplan.pet.framework.manager.controller.ShareController@36] pet_bbs_id=aaa
18-02-2014 13:12:26,745 CST INFO  [qtp648942070-41] [com.momoplan.pet.framework.manager.controller.ShareController@36] pet_bbs_id=aaa
18-02-2014 13:12:49,889 CST INFO  [qtp648942070-46] [com.momoplan.pet.framework.manager.controller.ShareController@36] pet_bbs_id=aaa
18-02-2014 13:13:22,120 CST INFO  [qtp648942070-46] [com.momoplan.pet.framework.manager.controller.ShareController@36] pet_bbs_id=aaa
18-02-2014 13:14:08,617 CST INFO  [qtp648942070-43] [com.momoplan.pet.framework.manager.controller.ShareController@36] pet_bbs_id=aaa
18-02-2014 13:14:20,567 CST INFO  [qtp648942070-44] [com.momoplan.pet.framework.manager.controller.ShareController@36] pet_bbs_id=aaa
18-02-2014 13:14:30,785 CST INFO  [qtp648942070-43] [com.momoplan.pet.framework.manager.controller.ShareController@36] pet_bbs_id=aaa
18-02-2014 13:14:59,243 CST INFO  [qtp648942070-41] [com.momoplan.pet.framework.manager.controller.ShareController@36] pet_bbs_id=aaa
18-02-2014 13:15:09,899 CST INFO  [qtp648942070-39] [com.momoplan.pet.framework.manager.controller.ShareController@36] pet_bbs_id=aaa
18-02-2014 13:15:25,277 CST INFO  [qtp648942070-43] [com.momoplan.pet.framework.manager.controller.ShareController@36] pet_bbs_id=aaa
18-02-2014 13:16:23,560 CST INFO  [qtp648942070-44] [com.momoplan.pet.framework.manager.controller.ShareController@36] pet_bbs_id=aaa
18-02-2014 13:17:18,754 CST INFO  [qtp648942070-45] [com.momoplan.pet.framework.manager.controller.ShareController@36] pet_bbs_id=aaa
18-02-2014 13:18:36,231 CST INFO  [qtp648942070-44] [com.momoplan.pet.framework.manager.controller.ShareController@36] pet_bbs_id=aaa
18-02-2014 13:19:03,396 CST INFO  [qtp648942070-45] [com.momoplan.pet.framework.manager.controller.ShareController@36] pet_bbs_id=aaa
18-02-2014 13:19:04,199 CST INFO  [qtp648942070-44] [com.momoplan.pet.framework.manager.controller.ShareController@36] pet_bbs_id=aaa
18-02-2014 13:20:13,328 CST INFO  [qtp648942070-41] [com.momoplan.pet.framework.manager.controller.ShareController@36] pet_bbs_id=aaa
18-02-2014 13:21:06,320 CST INFO  [qtp648942070-44] [com.momoplan.pet.framework.manager.controller.ShareController@36] pet_bbs_id=aaa
18-02-2014 13:21:11,184 CST INFO  [qtp648942070-41] [com.momoplan.pet.framework.manager.controller.ShareController@36] pet_bbs_id=aaa
18-02-2014 13:21:11,907 CST INFO  [qtp648942070-44] [com.momoplan.pet.framework.manager.controller.ShareController@36] pet_bbs_id=aaa
18-02-2014 13:21:47,828 CST INFO  [qtp648942070-45] [com.momoplan.pet.framework.manager.controller.ShareController@36] pet_bbs_id=aaa
18-02-2014 13:23:29,276 CST INFO  [qtp648942070-41] [com.momoplan.pet.framework.manager.controller.ShareController@36] pet_bbs_id=aaa
18-02-2014 13:23:43,015 CST INFO  [qtp648942070-43] [com.momoplan.pet.framework.manager.controller.ShareController@36] pet_bbs_id=aaa
18-02-2014 13:24:45,609 CST INFO  [qtp648942070-44] [com.momoplan.pet.framework.manager.controller.ShareController@36] pet_bbs_id=aaa
18-02-2014 13:24:55,383 CST INFO  [qtp648942070-44] [com.momoplan.pet.framework.manager.controller.ShareController@36] pet_bbs_id=aaa
18-02-2014 13:24:55,987 CST INFO  [qtp648942070-46] [com.momoplan.pet.framework.manager.controller.ShareController@36] pet_bbs_id=aaa
18-02-2014 13:24:56,843 CST INFO  [qtp648942070-41] [com.momoplan.pet.framework.manager.controller.ShareController@36] pet_bbs_id=aaa
18-02-2014 13:25:58,401 CST INFO  [qtp648942070-41] [com.momoplan.pet.framework.manager.controller.ShareController@36] pet_bbs_id=aaa
18-02-2014 13:25:58,907 CST INFO  [qtp648942070-41] [com.momoplan.pet.framework.manager.controller.ShareController@36] pet_bbs_id=aaa
18-02-2014 13:33:15,371 CST INFO  [qtp648942070-46] [com.momoplan.pet.framework.manager.controller.ShareController@36] pet_bbs_id=1Z20
18-02-2014 13:33:21,219 CST INFO  [qtp648942070-45] [com.momoplan.pet.framework.manager.controller.ShareController@36] pet_bbs_id=1Z20
18-02-2014 13:37:17,056 CST INFO  [qtp648942070-41] [com.momoplan.pet.framework.manager.controller.ShareController@36] pet_bbs_id=1Z20
18-02-2014 13:37:19,143 CST INFO  [qtp648942070-41] [com.momoplan.pet.framework.manager.controller.ShareController@36] pet_bbs_id=1Z20
18-02-2014 13:37:19,672 CST INFO  [qtp648942070-45] [com.momoplan.pet.framework.manager.controller.ShareController@36] pet_bbs_id=1Z20
18-02-2014 13:37:19,900 CST INFO  [qtp648942070-45] [com.momoplan.pet.framework.manager.controller.ShareController@36] pet_bbs_id=1Z20
18-02-2014 13:37:22,452 CST INFO  [qtp648942070-43] [com.momoplan.pet.framework.manager.controller.ShareController@36] pet_bbs_id=1Z20
18-02-2014 13:39:13,022 CST INFO  [qtp648942070-45] [com.momoplan.pet.framework.manager.controller.ShareController@36] pet_bbs_id=1Z20
18-02-2014 13:40:24,631 CST ERROR [main] [com.momoplan.pet.commons.cache.pool.RedisPool@79] cache 初始化成功
18-02-2014 13:40:24,668 CST ERROR [main] [com.momoplan.pet.commons.cache.pool.StorePool@57] cache 初始化成功
18-02-2014 13:40:24,858 CST INFO  [main] [com.momoplan.pet.commons.spring.DispatcherServlet@444] FrameworkServlet 'dispatcher': initialization started
18-02-2014 13:40:25,976 CST INFO  [main] [com.momoplan.pet.commons.spring.DispatcherServlet@463] FrameworkServlet 'dispatcher': initialization completed in 1117 ms
18-02-2014 13:40:49,938 CST INFO  [qtp1847411024-39] [com.momoplan.pet.framework.manager.controller.ShareController@36] pet_bbs_id=1Z20
18-02-2014 13:40:50,177 CST INFO  [qtp1847411024-39] [com.momoplan.pet.framework.manager.controller.ShareController@44] forward=petCard_empty
p=com.momoplan.pet.commons.domain.user.po.PetCard@4350e390[
  id=1Z20
  userId=736
  petType=1
  petNickname=fuck
  petOwner=fuck
  petOwnerTel=114
  petOwnerMsg=<null>
  petImg=<null>
  ct=Thu Feb 13 16:34:17 CST 2014
  et=Thu Feb 13 16:34:17 CST 2014
  cb=root
  eb=root
  num=100011
]
18-02-2014 13:41:45,529 CST ERROR [main] [com.momoplan.pet.commons.cache.pool.RedisPool@79] cache 初始化成功
18-02-2014 13:41:45,570 CST ERROR [main] [com.momoplan.pet.commons.cache.pool.StorePool@57] cache 初始化成功
18-02-2014 13:41:45,762 CST INFO  [main] [com.momoplan.pet.commons.spring.DispatcherServlet@444] FrameworkServlet 'dispatcher': initialization started
18-02-2014 13:41:46,906 CST INFO  [main] [com.momoplan.pet.commons.spring.DispatcherServlet@463] FrameworkServlet 'dispatcher': initialization completed in 1143 ms
18-02-2014 13:41:52,036 CST INFO  [qtp648942070-44] [com.momoplan.pet.framework.manager.controller.ShareController@36] pet_bbs_id=1Z20
18-02-2014 13:41:52,278 CST INFO  [qtp648942070-44] [com.momoplan.pet.framework.manager.controller.ShareController@44] forward=petCard
p=com.momoplan.pet.commons.domain.user.po.PetCard@799ff384[
  id=1Z20
  userId=736
  petType=1
  petNickname=fuck
  petOwner=fuck
  petOwnerTel=114
  petOwnerMsg=<null>
  petImg=<null>
  ct=Thu Feb 13 16:34:17 CST 2014
  et=Thu Feb 13 16:34:17 CST 2014
  cb=root
  eb=root
  num=100011
]
18-02-2014 13:43:07,762 CST INFO  [qtp648942070-41] [com.momoplan.pet.framework.manager.controller.ShareController@36] pet_bbs_id=1Z20
18-02-2014 13:43:07,849 CST INFO  [qtp648942070-41] [com.momoplan.pet.framework.manager.controller.ShareController@44] forward=petCard
p=com.momoplan.pet.commons.domain.user.po.PetCard@d13410a[
  id=1Z20
  userId=736
  petType=1
  petNickname=fuck
  petOwner=fuck
  petOwnerTel=114
  petOwnerMsg=<null>
  petImg=<null>
  ct=Thu Feb 13 16:34:17 CST 2014
  et=Thu Feb 13 16:34:17 CST 2014
  cb=root
  eb=root
  num=100011
]
18-02-2014 13:43:08,439 CST INFO  [qtp648942070-43] [com.momoplan.pet.framework.manager.controller.ShareController@36] pet_bbs_id=1Z20
18-02-2014 13:43:08,527 CST INFO  [qtp648942070-43] [com.momoplan.pet.framework.manager.controller.ShareController@44] forward=petCard
p=com.momoplan.pet.commons.domain.user.po.PetCard@186f5f95[
  id=1Z20
  userId=736
  petType=1
  petNickname=fuck
  petOwner=fuck
  petOwnerTel=114
  petOwnerMsg=<null>
  petImg=<null>
  ct=Thu Feb 13 16:34:17 CST 2014
  et=Thu Feb 13 16:34:17 CST 2014
  cb=root
  eb=root
  num=100011
]
18-02-2014 13:43:08,807 CST INFO  [qtp648942070-46] [com.momoplan.pet.framework.manager.controller.ShareController@36] pet_bbs_id=1Z20
18-02-2014 13:43:08,898 CST INFO  [qtp648942070-46] [com.momoplan.pet.framework.manager.controller.ShareController@44] forward=petCard
p=com.momoplan.pet.commons.domain.user.po.PetCard@37ec3bbb[
  id=1Z20
  userId=736
  petType=1
  petNickname=fuck
  petOwner=fuck
  petOwnerTel=114
  petOwnerMsg=<null>
  petImg=<null>
  ct=Thu Feb 13 16:34:17 CST 2014
  et=Thu Feb 13 16:34:17 CST 2014
  cb=root
  eb=root
  num=100011
]
18-02-2014 13:43:09,098 CST INFO  [qtp648942070-45] [com.momoplan.pet.framework.manager.controller.ShareController@36] pet_bbs_id=1Z20
18-02-2014 13:43:09,183 CST INFO  [qtp648942070-45] [com.momoplan.pet.framework.manager.controller.ShareController@44] forward=petCard
p=com.momoplan.pet.commons.domain.user.po.PetCard@76458eab[
  id=1Z20
  userId=736
  petType=1
  petNickname=fuck
  petOwner=fuck
  petOwnerTel=114
  petOwnerMsg=<null>
  petImg=<null>
  ct=Thu Feb 13 16:34:17 CST 2014
  et=Thu Feb 13 16:34:17 CST 2014
  cb=root
  eb=root
  num=100011
]
18-02-2014 13:43:36,764 CST INFO  [qtp648942070-46] [com.momoplan.pet.framework.manager.controller.ShareController@36] pet_bbs_id=1Z20
18-02-2014 13:43:37,050 CST INFO  [qtp648942070-46] [com.momoplan.pet.framework.manager.controller.ShareController@44] forward=petCard
p=com.momoplan.pet.commons.domain.user.po.PetCard@506422f2[
  id=1Z20
  userId=736
  petType=1
  petNickname=fuck
  petOwner=fuck
  petOwnerTel=114
  petOwnerMsg=没事别瞎溜达好不好
  petImg=<null>
  ct=Thu Feb 13 16:34:17 CST 2014
  et=Thu Feb 13 16:34:17 CST 2014
  cb=root
  eb=root
  num=100011
]
18-02-2014 13:43:52,602 CST INFO  [qtp648942070-45] [com.momoplan.pet.framework.manager.controller.ShareController@36] pet_bbs_id=1Z2110
18-02-2014 13:43:52,688 CST INFO  [qtp648942070-45] [com.momoplan.pet.framework.manager.controller.ShareController@44] forward=petCard_empty
p=null
18-02-2014 13:44:07,017 CST INFO  [qtp648942070-44] [com.momoplan.pet.framework.manager.controller.ShareController@36] pet_bbs_id=1Z20
18-02-2014 13:44:07,104 CST INFO  [qtp648942070-44] [com.momoplan.pet.framework.manager.controller.ShareController@44] forward=petCard
p=com.momoplan.pet.commons.domain.user.po.PetCard@49b9b979[
  id=1Z20
  userId=736
  petType=1
  petNickname=fuck
  petOwner=fuck
  petOwnerTel=114
  petOwnerMsg=没事别瞎溜达好不好
  petImg=<null>
  ct=Thu Feb 13 16:34:17 CST 2014
  et=Thu Feb 13 16:34:17 CST 2014
  cb=root
  eb=root
  num=100011
]
18-02-2014 13:46:01,344 CST INFO  [qtp648942070-41] [com.momoplan.pet.framework.manager.controller.ShareController@36] pet_bbs_id=1Z20
18-02-2014 13:46:01,538 CST INFO  [qtp648942070-41] [com.momoplan.pet.framework.manager.controller.ShareController@44] forward=petCard
p=com.momoplan.pet.commons.domain.user.po.PetCard@2f73b909[
  id=1Z20
  userId=736
  petType=1
  petNickname=fuck
  petOwner=fuck
  petOwnerTel=114
  petOwnerMsg=没事别瞎溜达好不好
  petImg=<null>
  ct=Thu Feb 13 16:34:17 CST 2014
  et=Thu Feb 13 16:34:17 CST 2014
  cb=root
  eb=root
  num=100011
]
18-02-2014 13:47:23,935 CST INFO  [qtp648942070-41] [com.momoplan.pet.framework.manager.controller.ShareController@36] pet_bbs_id=aaa
18-02-2014 13:47:24,118 CST INFO  [qtp648942070-41] [com.momoplan.pet.framework.manager.controller.ShareController@44] forward=petCard_empty
p=null
18-02-2014 13:51:19,375 CST INFO  [qtp648942070-43] [com.momoplan.pet.framework.manager.controller.ShareController@36] pet_bbs_id=1Z20
18-02-2014 13:51:19,550 CST INFO  [qtp648942070-43] [com.momoplan.pet.framework.manager.controller.ShareController@44] forward=petCard
p=com.momoplan.pet.commons.domain.user.po.PetCard@41bde91b[
  id=1Z20
  userId=736
  petType=1
  petNickname=fuck
  petOwner=fuck
  petOwnerTel=114
  petOwnerMsg=没事别瞎溜达好不好
  petImg=<null>
  ct=Thu Feb 13 16:34:17 CST 2014
  et=Thu Feb 13 16:34:17 CST 2014
  cb=root
  eb=root
  num=100011
]
18-02-2014 13:52:24,514 CST INFO  [qtp648942070-39] [com.momoplan.pet.framework.manager.controller.ShareController@36] pet_bbs_id=1Z20
18-02-2014 13:52:24,602 CST INFO  [qtp648942070-39] [com.momoplan.pet.framework.manager.controller.ShareController@44] forward=petCard
p=com.momoplan.pet.commons.domain.user.po.PetCard@2ea94532[
  id=1Z20
  userId=736
  petType=1
  petNickname=fuck
  petOwner=fuck
  petOwnerTel=114
  petOwnerMsg=没事别瞎溜达好不好
  petImg=<null>
  ct=Thu Feb 13 16:34:17 CST 2014
  et=Thu Feb 13 16:34:17 CST 2014
  cb=root
  eb=root
  num=100011
]
18-02-2014 13:53:31,902 CST INFO  [qtp648942070-44] [com.momoplan.pet.framework.manager.controller.ShareController@36] pet_bbs_id=1Z20
18-02-2014 13:53:31,991 CST INFO  [qtp648942070-44] [com.momoplan.pet.framework.manager.controller.ShareController@44] forward=petCard
p=com.momoplan.pet.commons.domain.user.po.PetCard@f453bed[
  id=1Z20
  userId=736
  petType=1
  petNickname=fuck
  petOwner=fuck
  petOwnerTel=114
  petOwnerMsg=没事别瞎溜达好不好
  petImg=<null>
  ct=Thu Feb 13 16:34:17 CST 2014
  et=Thu Feb 13 16:34:17 CST 2014
  cb=root
  eb=root
  num=100011
]
18-02-2014 13:53:49,309 CST INFO  [qtp648942070-39] [com.momoplan.pet.framework.manager.controller.ShareController@36] pet_bbs_id=1Z20
18-02-2014 13:53:49,392 CST INFO  [qtp648942070-39] [com.momoplan.pet.framework.manager.controller.ShareController@44] forward=petCard
p=com.momoplan.pet.commons.domain.user.po.PetCard@43365e86[
  id=1Z20
  userId=736
  petType=1
  petNickname=fuck
  petOwner=fuck
  petOwnerTel=114
  petOwnerMsg=没事别瞎溜达好不好
  petImg=<null>
  ct=Thu Feb 13 16:34:17 CST 2014
  et=Thu Feb 13 16:34:17 CST 2014
  cb=root
  eb=root
  num=100011
]
18-02-2014 13:53:50,451 CST INFO  [qtp648942070-39] [com.momoplan.pet.framework.manager.controller.ShareController@36] pet_bbs_id=1Z20
18-02-2014 13:53:50,538 CST INFO  [qtp648942070-39] [com.momoplan.pet.framework.manager.controller.ShareController@44] forward=petCard
p=com.momoplan.pet.commons.domain.user.po.PetCard@f364873[
  id=1Z20
  userId=736
  petType=1
  petNickname=fuck
  petOwner=fuck
  petOwnerTel=114
  petOwnerMsg=没事别瞎溜达好不好
  petImg=<null>
  ct=Thu Feb 13 16:34:17 CST 2014
  et=Thu Feb 13 16:34:17 CST 2014
  cb=root
  eb=root
  num=100011
]
18-02-2014 13:53:51,109 CST INFO  [qtp648942070-45] [com.momoplan.pet.framework.manager.controller.ShareController@36] pet_bbs_id=1Z20
18-02-2014 13:53:51,197 CST INFO  [qtp648942070-45] [com.momoplan.pet.framework.manager.controller.ShareController@44] forward=petCard
p=com.momoplan.pet.commons.domain.user.po.PetCard@7978be79[
  id=1Z20
  userId=736
  petType=1
  petNickname=fuck
  petOwner=fuck
  petOwnerTel=114
  petOwnerMsg=没事别瞎溜达好不好
  petImg=<null>
  ct=Thu Feb 13 16:34:17 CST 2014
  et=Thu Feb 13 16:34:17 CST 2014
  cb=root
  eb=root
  num=100011
]
18-02-2014 13:53:51,325 CST INFO  [qtp648942070-46] [com.momoplan.pet.framework.manager.controller.ShareController@36] pet_bbs_id=1Z20
18-02-2014 13:53:51,411 CST INFO  [qtp648942070-46] [com.momoplan.pet.framework.manager.controller.ShareController@44] forward=petCard
p=com.momoplan.pet.commons.domain.user.po.PetCard@64007271[
  id=1Z20
  userId=736
  petType=1
  petNickname=fuck
  petOwner=fuck
  petOwnerTel=114
  petOwnerMsg=没事别瞎溜达好不好
  petImg=<null>
  ct=Thu Feb 13 16:34:17 CST 2014
  et=Thu Feb 13 16:34:17 CST 2014
  cb=root
  eb=root
  num=100011
]
18-02-2014 13:53:51,512 CST INFO  [qtp648942070-43] [com.momoplan.pet.framework.manager.controller.ShareController@36] pet_bbs_id=1Z20
18-02-2014 13:53:51,601 CST INFO  [qtp648942070-43] [com.momoplan.pet.framework.manager.controller.ShareController@44] forward=petCard
p=com.momoplan.pet.commons.domain.user.po.PetCard@b9bc34c[
  id=1Z20
  userId=736
  petType=1
  petNickname=fuck
  petOwner=fuck
  petOwnerTel=114
  petOwnerMsg=没事别瞎溜达好不好
  petImg=<null>
  ct=Thu Feb 13 16:34:17 CST 2014
  et=Thu Feb 13 16:34:17 CST 2014
  cb=root
  eb=root
  num=100011
]
18-02-2014 13:54:07,698 CST INFO  [qtp648942070-41] [com.momoplan.pet.framework.manager.controller.ShareController@36] pet_bbs_id=1Z20
18-02-2014 13:54:07,795 CST INFO  [qtp648942070-41] [com.momoplan.pet.framework.manager.controller.ShareController@44] forward=petCard
p=com.momoplan.pet.commons.domain.user.po.PetCard@29deb717[
  id=1Z20
  userId=736
  petType=1
  petNickname=fuck
  petOwner=fuck
  petOwnerTel=114
  petOwnerMsg=没事别瞎溜达好不好
  petImg=<null>
  ct=Thu Feb 13 16:34:17 CST 2014
  et=Thu Feb 13 16:34:17 CST 2014
  cb=root
  eb=root
  num=100011
]
18-02-2014 13:54:08,500 CST INFO  [qtp648942070-43] [com.momoplan.pet.framework.manager.controller.ShareController@36] pet_bbs_id=1Z20
18-02-2014 13:54:08,586 CST INFO  [qtp648942070-43] [com.momoplan.pet.framework.manager.controller.ShareController@44] forward=petCard
p=com.momoplan.pet.commons.domain.user.po.PetCard@5e221139[
  id=1Z20
  userId=736
  petType=1
  petNickname=fuck
  petOwner=fuck
  petOwnerTel=114
  petOwnerMsg=没事别瞎溜达好不好
  petImg=<null>
  ct=Thu Feb 13 16:34:17 CST 2014
  et=Thu Feb 13 16:34:17 CST 2014
  cb=root
  eb=root
  num=100011
]
18-02-2014 13:54:08,932 CST INFO  [qtp648942070-44] [com.momoplan.pet.framework.manager.controller.ShareController@36] pet_bbs_id=1Z20
18-02-2014 13:54:09,022 CST INFO  [qtp648942070-44] [com.momoplan.pet.framework.manager.controller.ShareController@44] forward=petCard
p=com.momoplan.pet.commons.domain.user.po.PetCard@7173289f[
  id=1Z20
  userId=736
  petType=1
  petNickname=fuck
  petOwner=fuck
  petOwnerTel=114
  petOwnerMsg=没事别瞎溜达好不好
  petImg=<null>
  ct=Thu Feb 13 16:34:17 CST 2014
  et=Thu Feb 13 16:34:17 CST 2014
  cb=root
  eb=root
  num=100011
]
18-02-2014 13:54:09,127 CST INFO  [qtp648942070-39] [com.momoplan.pet.framework.manager.controller.ShareController@36] pet_bbs_id=1Z20
18-02-2014 13:54:09,237 CST INFO  [qtp648942070-39] [com.momoplan.pet.framework.manager.controller.ShareController@44] forward=petCard
p=com.momoplan.pet.commons.domain.user.po.PetCard@329dd569[
  id=1Z20
  userId=736
  petType=1
  petNickname=fuck
  petOwner=fuck
  petOwnerTel=114
  petOwnerMsg=没事别瞎溜达好不好
  petImg=<null>
  ct=Thu Feb 13 16:34:17 CST 2014
  et=Thu Feb 13 16:34:17 CST 2014
  cb=root
  eb=root
  num=100011
]
18-02-2014 13:54:09,300 CST INFO  [qtp648942070-44] [com.momoplan.pet.framework.manager.controller.ShareController@36] pet_bbs_id=1Z20
18-02-2014 13:54:09,387 CST INFO  [qtp648942070-44] [com.momoplan.pet.framework.manager.controller.ShareController@44] forward=petCard
p=com.momoplan.pet.commons.domain.user.po.PetCard@62f3347c[
  id=1Z20
  userId=736
  petType=1
  petNickname=fuck
  petOwner=fuck
  petOwnerTel=114
  petOwnerMsg=没事别瞎溜达好不好
  petImg=<null>
  ct=Thu Feb 13 16:34:17 CST 2014
  et=Thu Feb 13 16:34:17 CST 2014
  cb=root
  eb=root
  num=100011
]
18-02-2014 13:54:23,964 CST INFO  [qtp648942070-44] [com.momoplan.pet.framework.manager.controller.ShareController@36] pet_bbs_id=1Z20
18-02-2014 13:54:24,053 CST INFO  [qtp648942070-44] [com.momoplan.pet.framework.manager.controller.ShareController@44] forward=petCard
p=com.momoplan.pet.commons.domain.user.po.PetCard@24e036f7[
  id=1Z20
  userId=736
  petType=1
  petNickname=fuck
  petOwner=fuck
  petOwnerTel=114
  petOwnerMsg=没事别瞎溜达好不好
  petImg=<null>
  ct=Thu Feb 13 16:34:17 CST 2014
  et=Thu Feb 13 16:34:17 CST 2014
  cb=root
  eb=root
  num=100011
]
18-02-2014 13:54:24,555 CST INFO  [qtp648942070-46] [com.momoplan.pet.framework.manager.controller.ShareController@36] pet_bbs_id=1Z20
18-02-2014 13:54:24,636 CST INFO  [qtp648942070-46] [com.momoplan.pet.framework.manager.controller.ShareController@44] forward=petCard
p=com.momoplan.pet.commons.domain.user.po.PetCard@5be1b3fb[
  id=1Z20
  userId=736
  petType=1
  petNickname=fuck
  petOwner=fuck
  petOwnerTel=114
  petOwnerMsg=没事别瞎溜达好不好
  petImg=<null>
  ct=Thu Feb 13 16:34:17 CST 2014
  et=Thu Feb 13 16:34:17 CST 2014
  cb=root
  eb=root
  num=100011
]
18-02-2014 13:54:24,862 CST INFO  [qtp648942070-45] [com.momoplan.pet.framework.manager.controller.ShareController@36] pet_bbs_id=1Z20
18-02-2014 13:54:24,944 CST INFO  [qtp648942070-45] [com.momoplan.pet.framework.manager.controller.ShareController@44] forward=petCard
p=com.momoplan.pet.commons.domain.user.po.PetCard@7012869f[
  id=1Z20
  userId=736
  petType=1
  petNickname=fuck
  petOwner=fuck
  petOwnerTel=114
  petOwnerMsg=没事别瞎溜达好不好
  petImg=<null>
  ct=Thu Feb 13 16:34:17 CST 2014
  et=Thu Feb 13 16:34:17 CST 2014
  cb=root
  eb=root
  num=100011
]
18-02-2014 13:54:25,077 CST INFO  [qtp648942070-43] [com.momoplan.pet.framework.manager.controller.ShareController@36] pet_bbs_id=1Z20
18-02-2014 13:54:25,161 CST INFO  [qtp648942070-43] [com.momoplan.pet.framework.manager.controller.ShareController@44] forward=petCard
p=com.momoplan.pet.commons.domain.user.po.PetCard@3b98a517[
  id=1Z20
  userId=736
  petType=1
  petNickname=fuck
  petOwner=fuck
  petOwnerTel=114
  petOwnerMsg=没事别瞎溜达好不好
  petImg=<null>
  ct=Thu Feb 13 16:34:17 CST 2014
  et=Thu Feb 13 16:34:17 CST 2014
  cb=root
  eb=root
  num=100011
]
18-02-2014 13:54:25,239 CST INFO  [qtp648942070-41] [com.momoplan.pet.framework.manager.controller.ShareController@36] pet_bbs_id=1Z20
18-02-2014 13:54:25,323 CST INFO  [qtp648942070-41] [com.momoplan.pet.framework.manager.controller.ShareController@44] forward=petCard
p=com.momoplan.pet.commons.domain.user.po.PetCard@227ea792[
  id=1Z20
  userId=736
  petType=1
  petNickname=fuck
  petOwner=fuck
  petOwnerTel=114
  petOwnerMsg=没事别瞎溜达好不好
  petImg=<null>
  ct=Thu Feb 13 16:34:17 CST 2014
  et=Thu Feb 13 16:34:17 CST 2014
  cb=root
  eb=root
  num=100011
]
18-02-2014 13:54:52,183 CST INFO  [qtp648942070-41] [com.momoplan.pet.framework.manager.controller.ShareController@36] pet_bbs_id=1Z20
18-02-2014 13:54:52,282 CST INFO  [qtp648942070-41] [com.momoplan.pet.framework.manager.controller.ShareController@44] forward=petCard
p=com.momoplan.pet.commons.domain.user.po.PetCard@1478c1ba[
  id=1Z20
  userId=736
  petType=1
  petNickname=fuck
  petOwner=fuck
  petOwnerTel=114
  petOwnerMsg=没事别瞎溜达好不好
  petImg=<null>
  ct=Thu Feb 13 16:34:17 CST 2014
  et=Thu Feb 13 16:34:17 CST 2014
  cb=root
  eb=root
  num=100011
]
18-02-2014 13:54:53,162 CST INFO  [qtp648942070-44] [com.momoplan.pet.framework.manager.controller.ShareController@36] pet_bbs_id=1Z20
18-02-2014 13:54:53,250 CST INFO  [qtp648942070-44] [com.momoplan.pet.framework.manager.controller.ShareController@44] forward=petCard
p=com.momoplan.pet.commons.domain.user.po.PetCard@744d76db[
  id=1Z20
  userId=736
  petType=1
  petNickname=fuck
  petOwner=fuck
  petOwnerTel=114
  petOwnerMsg=没事别瞎溜达好不好
  petImg=<null>
  ct=Thu Feb 13 16:34:17 CST 2014
  et=Thu Feb 13 16:34:17 CST 2014
  cb=root
  eb=root
  num=100011
]
18-02-2014 13:54:54,671 CST INFO  [qtp648942070-44] [com.momoplan.pet.framework.manager.controller.ShareController@36] pet_bbs_id=1Z20
18-02-2014 13:54:54,759 CST INFO  [qtp648942070-44] [com.momoplan.pet.framework.manager.controller.ShareController@44] forward=petCard
p=com.momoplan.pet.commons.domain.user.po.PetCard@ff2e095[
  id=1Z20
  userId=736
  petType=1
  petNickname=fuck
  petOwner=fuck
  petOwnerTel=114
  petOwnerMsg=没事别瞎溜达好不好
  petImg=<null>
  ct=Thu Feb 13 16:34:17 CST 2014
  et=Thu Feb 13 16:34:17 CST 2014
  cb=root
  eb=root
  num=100011
]
18-02-2014 13:55:48,473 CST INFO  [qtp648942070-46] [com.momoplan.pet.framework.manager.controller.ShareController@36] pet_bbs_id=1Z20
18-02-2014 13:55:48,560 CST INFO  [qtp648942070-46] [com.momoplan.pet.framework.manager.controller.ShareController@44] forward=petCard
p=com.momoplan.pet.commons.domain.user.po.PetCard@2f2cbe03[
  id=1Z20
  userId=736
  petType=1
  petNickname=fuck
  petOwner=fuck
  petOwnerTel=114
  petOwnerMsg=没事别瞎溜达好不好
  petImg=<null>
  ct=Thu Feb 13 16:34:17 CST 2014
  et=Thu Feb 13 16:34:17 CST 2014
  cb=root
  eb=root
  num=100011
]
18-02-2014 13:56:08,925 CST INFO  [qtp648942070-45] [com.momoplan.pet.framework.manager.controller.ShareController@36] pet_bbs_id=1Z20
18-02-2014 13:56:09,011 CST INFO  [qtp648942070-45] [com.momoplan.pet.framework.manager.controller.ShareController@44] forward=petCard
p=com.momoplan.pet.commons.domain.user.po.PetCard@2caa1020[
  id=1Z20
  userId=736
  petType=1
  petNickname=fuck
  petOwner=fuck
  petOwnerTel=114
  petOwnerMsg=没事别瞎溜达好不好
  petImg=<null>
  ct=Thu Feb 13 16:34:17 CST 2014
  et=Thu Feb 13 16:34:17 CST 2014
  cb=root
  eb=root
  num=100011
]
18-02-2014 13:56:09,577 CST INFO  [qtp648942070-46] [com.momoplan.pet.framework.manager.controller.ShareController@36] pet_bbs_id=1Z20
18-02-2014 13:56:09,664 CST INFO  [qtp648942070-46] [com.momoplan.pet.framework.manager.controller.ShareController@44] forward=petCard
p=com.momoplan.pet.commons.domain.user.po.PetCard@22278b95[
  id=1Z20
  userId=736
  petType=1
  petNickname=fuck
  petOwner=fuck
  petOwnerTel=114
  petOwnerMsg=没事别瞎溜达好不好
  petImg=<null>
  ct=Thu Feb 13 16:34:17 CST 2014
  et=Thu Feb 13 16:34:17 CST 2014
  cb=root
  eb=root
  num=100011
]
18-02-2014 13:57:17,230 CST INFO  [qtp648942070-45] [com.momoplan.pet.framework.manager.controller.ShareController@36] pet_bbs_id=1Z20
18-02-2014 13:57:17,406 CST INFO  [qtp648942070-45] [com.momoplan.pet.framework.manager.controller.ShareController@44] forward=petCard
p=com.momoplan.pet.commons.domain.user.po.PetCard@7b8e08ce[
  id=1Z20
  userId=736
  petType=1
  petNickname=fuck
  petOwner=fuck
  petOwnerTel=114
  petOwnerMsg=没事别瞎溜达好不好
  petImg=<null>
  ct=Thu Feb 13 16:34:17 CST 2014
  et=Thu Feb 13 16:34:17 CST 2014
  cb=root
  eb=root
  num=100011
]
18-02-2014 13:57:18,288 CST INFO  [qtp648942070-43] [com.momoplan.pet.framework.manager.controller.ShareController@36] pet_bbs_id=1Z20
18-02-2014 13:57:18,375 CST INFO  [qtp648942070-43] [com.momoplan.pet.framework.manager.controller.ShareController@44] forward=petCard
p=com.momoplan.pet.commons.domain.user.po.PetCard@243d452f[
  id=1Z20
  userId=736
  petType=1
  petNickname=fuck
  petOwner=fuck
  petOwnerTel=114
  petOwnerMsg=没事别瞎溜达好不好
  petImg=<null>
  ct=Thu Feb 13 16:34:17 CST 2014
  et=Thu Feb 13 16:34:17 CST 2014
  cb=root
  eb=root
  num=100011
]
18-02-2014 13:57:18,581 CST INFO  [qtp648942070-39] [com.momoplan.pet.framework.manager.controller.ShareController@36] pet_bbs_id=1Z20
18-02-2014 13:57:18,665 CST INFO  [qtp648942070-39] [com.momoplan.pet.framework.manager.controller.ShareController@44] forward=petCard
p=com.momoplan.pet.commons.domain.user.po.PetCard@12662d43[
  id=1Z20
  userId=736
  petType=1
  petNickname=fuck
  petOwner=fuck
  petOwnerTel=114
  petOwnerMsg=没事别瞎溜达好不好
  petImg=<null>
  ct=Thu Feb 13 16:34:17 CST 2014
  et=Thu Feb 13 16:34:17 CST 2014
  cb=root
  eb=root
  num=100011
]
18-02-2014 13:57:31,677 CST INFO  [qtp648942070-44] [com.momoplan.pet.framework.manager.controller.ShareController@36] pet_bbs_id=1Z20
18-02-2014 13:57:31,760 CST INFO  [qtp648942070-44] [com.momoplan.pet.framework.manager.controller.ShareController@44] forward=petCard
p=com.momoplan.pet.commons.domain.user.po.PetCard@df5b08[
  id=1Z20
  userId=736
  petType=1
  petNickname=fuck
  petOwner=fuck
  petOwnerTel=114
  petOwnerMsg=没事别瞎溜达好不好
  petImg=<null>
  ct=Thu Feb 13 16:34:17 CST 2014
  et=Thu Feb 13 16:34:17 CST 2014
  cb=root
  eb=root
  num=100011
]
18-02-2014 13:57:59,751 CST INFO  [qtp648942070-39] [com.momoplan.pet.framework.manager.controller.ShareController@36] pet_bbs_id=1Z20
18-02-2014 13:57:59,837 CST INFO  [qtp648942070-39] [com.momoplan.pet.framework.manager.controller.ShareController@44] forward=petCard
p=com.momoplan.pet.commons.domain.user.po.PetCard@43884e78[
  id=1Z20
  userId=736
  petType=1
  petNickname=fuck
  petOwner=fuck
  petOwnerTel=114
  petOwnerMsg=没事别瞎溜达好不好
  petImg=<null>
  ct=Thu Feb 13 16:34:17 CST 2014
  et=Thu Feb 13 16:34:17 CST 2014
  cb=root
  eb=root
  num=100011
]
18-02-2014 13:59:02,639 CST INFO  [qtp648942070-46] [com.momoplan.pet.framework.manager.controller.ShareController@36] pet_bbs_id=1Z20
18-02-2014 13:59:02,726 CST INFO  [qtp648942070-46] [com.momoplan.pet.framework.manager.controller.ShareController@44] forward=petCard
p=com.momoplan.pet.commons.domain.user.po.PetCard@36a75b5d[
  id=1Z20
  userId=736
  petType=1
  petNickname=fuck
  petOwner=fuck
  petOwnerTel=114
  petOwnerMsg=没事别瞎溜达好不好
  petImg=<null>
  ct=Thu Feb 13 16:34:17 CST 2014
  et=Thu Feb 13 16:34:17 CST 2014
  cb=root
  eb=root
  num=100011
]
18-02-2014 13:59:21,612 CST INFO  [qtp648942070-39] [com.momoplan.pet.framework.manager.controller.ShareController@36] pet_bbs_id=1Z20
18-02-2014 13:59:21,699 CST INFO  [qtp648942070-39] [com.momoplan.pet.framework.manager.controller.ShareController@44] forward=petCard
p=com.momoplan.pet.commons.domain.user.po.PetCard@4a8894e0[
  id=1Z20
  userId=736
  petType=1
  petNickname=fuck
  petOwner=fuck
  petOwnerTel=114
  petOwnerMsg=没事别瞎溜达好不好
  petImg=<null>
  ct=Thu Feb 13 16:34:17 CST 2014
  et=Thu Feb 13 16:34:17 CST 2014
  cb=root
  eb=root
  num=100011
]
18-02-2014 14:00:13,103 CST INFO  [qtp648942070-41] [com.momoplan.pet.framework.manager.controller.ShareController@36] pet_bbs_id=1Z20
18-02-2014 14:00:13,187 CST INFO  [qtp648942070-41] [com.momoplan.pet.framework.manager.controller.ShareController@44] forward=petCard
p=com.momoplan.pet.commons.domain.user.po.PetCard@3e501d80[
  id=1Z20
  userId=736
  petType=1
  petNickname=fuck
  petOwner=fuck
  petOwnerTel=114
  petOwnerMsg=没事别瞎溜达好不好
  petImg=<null>
  ct=Thu Feb 13 16:34:17 CST 2014
  et=Thu Feb 13 16:34:17 CST 2014
  cb=root
  eb=root
  num=100011
]
18-02-2014 14:00:47,321 CST INFO  [qtp648942070-44] [com.momoplan.pet.framework.manager.controller.ShareController@36] pet_bbs_id=1Z20
18-02-2014 14:00:47,405 CST INFO  [qtp648942070-44] [com.momoplan.pet.framework.manager.controller.ShareController@44] forward=petCard
p=com.momoplan.pet.commons.domain.user.po.PetCard@75168d14[
  id=1Z20
  userId=736
  petType=1
  petNickname=fuck
  petOwner=fuck
  petOwnerTel=114
  petOwnerMsg=没事别瞎溜达好不好
  petImg=<null>
  ct=Thu Feb 13 16:34:17 CST 2014
  et=Thu Feb 13 16:34:17 CST 2014
  cb=root
  eb=root
  num=100011
]
18-02-2014 14:01:25,769 CST INFO  [qtp648942070-46] [com.momoplan.pet.framework.manager.controller.ShareController@36] pet_bbs_id=1Z20
18-02-2014 14:01:25,852 CST INFO  [qtp648942070-46] [com.momoplan.pet.framework.manager.controller.ShareController@44] forward=petCard
p=com.momoplan.pet.commons.domain.user.po.PetCard@680bcc94[
  id=1Z20
  userId=736
  petType=1
  petNickname=fuck
  petOwner=fuck
  petOwnerTel=114
  petOwnerMsg=没事别瞎溜达好不好
  petImg=<null>
  ct=Thu Feb 13 16:34:17 CST 2014
  et=Thu Feb 13 16:34:17 CST 2014
  cb=root
  eb=root
  num=100011
]
18-02-2014 14:03:00,748 CST INFO  [qtp648942070-39] [com.momoplan.pet.framework.manager.controller.ShareController@36] pet_bbs_id=1Z20
18-02-2014 14:03:00,916 CST INFO  [qtp648942070-39] [com.momoplan.pet.framework.manager.controller.ShareController@44] forward=petCard
p=com.momoplan.pet.commons.domain.user.po.PetCard@276acd3b[
  id=1Z20
  userId=736
  petType=1
  petNickname=fuck
  petOwner=fuck
  petOwnerTel=114
  petOwnerMsg=没事别瞎溜达好不好
  petImg=<null>
  ct=Thu Feb 13 16:34:17 CST 2014
  et=Thu Feb 13 16:34:17 CST 2014
  cb=root
  eb=root
  num=100011
]
18-02-2014 14:04:05,728 CST INFO  [qtp648942070-41] [com.momoplan.pet.framework.manager.controller.ShareController@36] pet_bbs_id=1Z20
18-02-2014 14:04:05,816 CST INFO  [qtp648942070-41] [com.momoplan.pet.framework.manager.controller.ShareController@44] forward=petCard
p=com.momoplan.pet.commons.domain.user.po.PetCard@59f88e8c[
  id=1Z20
  userId=736
  petType=1
  petNickname=fuck
  petOwner=fuck
  petOwnerTel=114
  petOwnerMsg=没事别瞎溜达好不好
  petImg=<null>
  ct=Thu Feb 13 16:34:17 CST 2014
  et=Thu Feb 13 16:34:17 CST 2014
  cb=root
  eb=root
  num=100011
]
18-02-2014 14:05:52,989 CST INFO  [qtp648942070-44] [com.momoplan.pet.framework.manager.controller.ShareController@36] pet_bbs_id=1Z20
18-02-2014 14:05:53,181 CST INFO  [qtp648942070-44] [com.momoplan.pet.framework.manager.controller.ShareController@44] forward=petCard
p=com.momoplan.pet.commons.domain.user.po.PetCard@43b2a1c7[
  id=1Z20
  userId=736
  petType=1
  petNickname=fuck
  petOwner=fuck
  petOwnerTel=114
  petOwnerMsg=没事别瞎溜达好不好
  petImg=<null>
  ct=Thu Feb 13 16:34:17 CST 2014
  et=Thu Feb 13 16:34:17 CST 2014
  cb=root
  eb=root
  num=100011
]
18-02-2014 14:05:54,139 CST INFO  [qtp648942070-46] [com.momoplan.pet.framework.manager.controller.ShareController@36] pet_bbs_id=1Z20
18-02-2014 14:05:54,231 CST INFO  [qtp648942070-46] [com.momoplan.pet.framework.manager.controller.ShareController@44] forward=petCard
p=com.momoplan.pet.commons.domain.user.po.PetCard@746beca[
  id=1Z20
  userId=736
  petType=1
  petNickname=fuck
  petOwner=fuck
  petOwnerTel=114
  petOwnerMsg=没事别瞎溜达好不好
  petImg=<null>
  ct=Thu Feb 13 16:34:17 CST 2014
  et=Thu Feb 13 16:34:17 CST 2014
  cb=root
  eb=root
  num=100011
]
18-02-2014 14:06:31,517 CST INFO  [qtp648942070-43] [com.momoplan.pet.framework.manager.controller.ShareController@36] pet_bbs_id=1Z20
18-02-2014 14:06:31,605 CST INFO  [qtp648942070-43] [com.momoplan.pet.framework.manager.controller.ShareController@44] forward=petCard
p=com.momoplan.pet.commons.domain.user.po.PetCard@1723a27b[
  id=1Z20
  userId=736
  petType=1
  petNickname=fuck
  petOwner=fuck
  petOwnerTel=114
  petOwnerMsg=没事别瞎溜达好不好
  petImg=<null>
  ct=Thu Feb 13 16:34:17 CST 2014
  et=Thu Feb 13 16:34:17 CST 2014
  cb=root
  eb=root
  num=100011
]
18-02-2014 14:07:14,634 CST INFO  [qtp648942070-39] [com.momoplan.pet.framework.manager.controller.ShareController@36] pet_bbs_id=1Z20
18-02-2014 14:07:14,717 CST INFO  [qtp648942070-39] [com.momoplan.pet.framework.manager.controller.ShareController@44] forward=petCard
p=com.momoplan.pet.commons.domain.user.po.PetCard@3b18b685[
  id=1Z20
  userId=736
  petType=1
  petNickname=fuck
  petOwner=fuck
  petOwnerTel=114
  petOwnerMsg=没事别瞎溜达好不好
  petImg=<null>
  ct=Thu Feb 13 16:34:17 CST 2014
  et=Thu Feb 13 16:34:17 CST 2014
  cb=root
  eb=root
  num=100011
]
18-02-2014 14:08:02,401 CST INFO  [qtp648942070-45] [com.momoplan.pet.framework.manager.controller.ShareController@36] pet_bbs_id=1Z20
18-02-2014 14:08:02,484 CST INFO  [qtp648942070-45] [com.momoplan.pet.framework.manager.controller.ShareController@44] forward=petCard
p=com.momoplan.pet.commons.domain.user.po.PetCard@5f01aa96[
  id=1Z20
  userId=736
  petType=1
  petNickname=fuck
  petOwner=fuck
  petOwnerTel=114
  petOwnerMsg=没事别瞎溜达好不好
  petImg=<null>
  ct=Thu Feb 13 16:34:17 CST 2014
  et=Thu Feb 13 16:34:17 CST 2014
  cb=root
  eb=root
  num=100011
]
18-02-2014 14:09:07,648 CST INFO  [qtp648942070-43] [com.momoplan.pet.framework.manager.controller.ShareController@36] pet_bbs_id=1Z20
18-02-2014 14:09:07,730 CST INFO  [qtp648942070-43] [com.momoplan.pet.framework.manager.controller.ShareController@44] forward=petCard
p=com.momoplan.pet.commons.domain.user.po.PetCard@395fccf[
  id=1Z20
  userId=736
  petType=1
  petNickname=fuck
  petOwner=fuck
  petOwnerTel=114
  petOwnerMsg=没事别瞎溜达好不好
  petImg=<null>
  ct=Thu Feb 13 16:34:17 CST 2014
  et=Thu Feb 13 16:34:17 CST 2014
  cb=root
  eb=root
  num=100011
]
18-02-2014 14:09:40,015 CST INFO  [qtp648942070-41] [com.momoplan.pet.framework.manager.controller.ShareController@36] pet_bbs_id=1Z20
18-02-2014 14:09:40,101 CST INFO  [qtp648942070-41] [com.momoplan.pet.framework.manager.controller.ShareController@44] forward=petCard
p=com.momoplan.pet.commons.domain.user.po.PetCard@2512f31f[
  id=1Z20
  userId=736
  petType=1
  petNickname=fuck
  petOwner=fuck
  petOwnerTel=114
  petOwnerMsg=没事别瞎溜达好不好
  petImg=<null>
  ct=Thu Feb 13 16:34:17 CST 2014
  et=Thu Feb 13 16:34:17 CST 2014
  cb=root
  eb=root
  num=100011
]
18-02-2014 14:10:25,019 CST INFO  [qtp648942070-43] [com.momoplan.pet.framework.manager.controller.ShareController@36] pet_bbs_id=1Z20
18-02-2014 14:10:25,104 CST INFO  [qtp648942070-43] [com.momoplan.pet.framework.manager.controller.ShareController@44] forward=petCard
p=com.momoplan.pet.commons.domain.user.po.PetCard@40371c9e[
  id=1Z20
  userId=736
  petType=1
  petNickname=fuck
  petOwner=fuck
  petOwnerTel=114
  petOwnerMsg=没事别瞎溜达好不好
  petImg=<null>
  ct=Thu Feb 13 16:34:17 CST 2014
  et=Thu Feb 13 16:34:17 CST 2014
  cb=root
  eb=root
  num=100011
]
18-02-2014 14:11:01,660 CST INFO  [qtp648942070-45] [com.momoplan.pet.framework.manager.controller.ShareController@36] pet_bbs_id=1Z20
18-02-2014 14:11:01,746 CST INFO  [qtp648942070-45] [com.momoplan.pet.framework.manager.controller.ShareController@44] forward=petCard
p=com.momoplan.pet.commons.domain.user.po.PetCard@564686ea[
  id=1Z20
  userId=736
  petType=1
  petNickname=fuck
  petOwner=fuck
  petOwnerTel=114
  petOwnerMsg=没事别瞎溜达好不好
  petImg=<null>
  ct=Thu Feb 13 16:34:17 CST 2014
  et=Thu Feb 13 16:34:17 CST 2014
  cb=root
  eb=root
  num=100011
]
18-02-2014 14:11:13,100 CST INFO  [qtp648942070-45] [com.momoplan.pet.framework.manager.controller.ShareController@36] pet_bbs_id=1Z20
18-02-2014 14:11:13,184 CST INFO  [qtp648942070-45] [com.momoplan.pet.framework.manager.controller.ShareController@44] forward=petCard
p=com.momoplan.pet.commons.domain.user.po.PetCard@3b1d540f[
  id=1Z20
  userId=736
  petType=1
  petNickname=fuck
  petOwner=fuck
  petOwnerTel=114
  petOwnerMsg=没事别瞎溜达好不好
  petImg=<null>
  ct=Thu Feb 13 16:34:17 CST 2014
  et=Thu Feb 13 16:34:17 CST 2014
  cb=root
  eb=root
  num=100011
]
18-02-2014 14:11:24,868 CST INFO  [qtp648942070-41] [com.momoplan.pet.framework.manager.controller.ShareController@36] pet_bbs_id=1Z20
18-02-2014 14:11:24,951 CST INFO  [qtp648942070-41] [com.momoplan.pet.framework.manager.controller.ShareController@44] forward=petCard
p=com.momoplan.pet.commons.domain.user.po.PetCard@2046bc37[
  id=1Z20
  userId=736
  petType=1
  petNickname=fuck
  petOwner=fuck
  petOwnerTel=114
  petOwnerMsg=没事别瞎溜达好不好
  petImg=<null>
  ct=Thu Feb 13 16:34:17 CST 2014
  et=Thu Feb 13 16:34:17 CST 2014
  cb=root
  eb=root
  num=100011
]
18-02-2014 14:11:37,121 CST INFO  [qtp648942070-43] [com.momoplan.pet.framework.manager.controller.ShareController@36] pet_bbs_id=1Z20
18-02-2014 14:11:37,207 CST INFO  [qtp648942070-43] [com.momoplan.pet.framework.manager.controller.ShareController@44] forward=petCard
p=com.momoplan.pet.commons.domain.user.po.PetCard@76ce0af1[
  id=1Z20
  userId=736
  petType=1
  petNickname=fuck
  petOwner=fuck
  petOwnerTel=114
  petOwnerMsg=没事别瞎溜达好不好
  petImg=<null>
  ct=Thu Feb 13 16:34:17 CST 2014
  et=Thu Feb 13 16:34:17 CST 2014
  cb=root
  eb=root
  num=100011
]
18-02-2014 14:12:19,309 CST INFO  [qtp648942070-44] [com.momoplan.pet.framework.manager.controller.ShareController@36] pet_bbs_id=1Z20
18-02-2014 14:12:19,401 CST INFO  [qtp648942070-44] [com.momoplan.pet.framework.manager.controller.ShareController@44] forward=petCard
p=com.momoplan.pet.commons.domain.user.po.PetCard@2cf3820b[
  id=1Z20
  userId=736
  petType=1
  petNickname=fuck
  petOwner=fuck
  petOwnerTel=114
  petOwnerMsg=没事别瞎溜达好不好
  petImg=<null>
  ct=Thu Feb 13 16:34:17 CST 2014
  et=Thu Feb 13 16:34:17 CST 2014
  cb=root
  eb=root
  num=100011
]
18-02-2014 14:12:45,961 CST INFO  [qtp648942070-39] [com.momoplan.pet.framework.manager.controller.ShareController@36] pet_bbs_id=1Z20
18-02-2014 14:12:46,044 CST INFO  [qtp648942070-39] [com.momoplan.pet.framework.manager.controller.ShareController@44] forward=petCard
p=com.momoplan.pet.commons.domain.user.po.PetCard@d1763cc[
  id=1Z20
  userId=736
  petType=1
  petNickname=fuck
  petOwner=fuck
  petOwnerTel=114
  petOwnerMsg=没事别瞎溜达好不好
  petImg=<null>
  ct=Thu Feb 13 16:34:17 CST 2014
  et=Thu Feb 13 16:34:17 CST 2014
  cb=root
  eb=root
  num=100011
]
18-02-2014 14:12:57,042 CST INFO  [qtp648942070-44] [com.momoplan.pet.framework.manager.controller.ShareController@36] pet_bbs_id=1Z20
18-02-2014 14:12:57,127 CST INFO  [qtp648942070-44] [com.momoplan.pet.framework.manager.controller.ShareController@44] forward=petCard
p=com.momoplan.pet.commons.domain.user.po.PetCard@d05ef91[
  id=1Z20
  userId=736
  petType=1
  petNickname=fuck
  petOwner=fuck
  petOwnerTel=114
  petOwnerMsg=没事别瞎溜达好不好
  petImg=<null>
  ct=Thu Feb 13 16:34:17 CST 2014
  et=Thu Feb 13 16:34:17 CST 2014
  cb=root
  eb=root
  num=100011
]
18-02-2014 14:13:26,447 CST INFO  [qtp648942070-39] [com.momoplan.pet.framework.manager.controller.ShareController@36] pet_bbs_id=1Z20
18-02-2014 14:13:26,529 CST INFO  [qtp648942070-39] [com.momoplan.pet.framework.manager.controller.ShareController@44] forward=petCard
p=com.momoplan.pet.commons.domain.user.po.PetCard@30c932ee[
  id=1Z20
  userId=736
  petType=1
  petNickname=fuck
  petOwner=fuck
  petOwnerTel=114
  petOwnerMsg=没事别瞎溜达好不好
  petImg=<null>
  ct=Thu Feb 13 16:34:17 CST 2014
  et=Thu Feb 13 16:34:17 CST 2014
  cb=root
  eb=root
  num=100011
]
18-02-2014 14:13:50,578 CST INFO  [qtp648942070-39] [com.momoplan.pet.framework.manager.controller.ShareController@36] pet_bbs_id=1Z20
18-02-2014 14:13:50,666 CST INFO  [qtp648942070-39] [com.momoplan.pet.framework.manager.controller.ShareController@44] forward=petCard
p=com.momoplan.pet.commons.domain.user.po.PetCard@18c7d7ac[
  id=1Z20
  userId=736
  petType=1
  petNickname=fuck
  petOwner=fuck
  petOwnerTel=114
  petOwnerMsg=没事别瞎溜达好不好
  petImg=<null>
  ct=Thu Feb 13 16:34:17 CST 2014
  et=Thu Feb 13 16:34:17 CST 2014
  cb=root
  eb=root
  num=100011
]
